2017-12-20 00:41:01.8350 INFO      CPU [ T: 37 °C  , L: 13%  ] RAM [ L: 67 %  , A: 2645 MB ] GPU [ C: 135 MHz  , T: 35 °C  ]
2017-12-20 00:41:11.8839 INFO      CPU [ T: 37 °C  , L: 11%  ] RAM [ L: 67 %  , A: 2646 MB ] GPU [ C: 135 MHz  , T: 35 °C  ]
2017-12-20 00:41:23.5647 INFO      CPU [ T: 37 °C  , L: 11%  ] RAM [ L: 67 %  , A: 2640 MB ] GPU [ C: 135 MHz  , T: 36 °C  ]
2017-12-20 00:42:11.3745 INFO      CPU [ T: 38 °C  , L: 13%  ] RAM [ L: 68 %  , A: 2620 MB ] GPU [ C: 135 MHz  , T: 36 °C  ]
2017-12-20 00:42:22.9264 INFO      CPU [ T: 38 °C  , L: 11%  ] RAM [ L: 68 %  , A: 2627 MB ] GPU [ C: 135 MHz  , T: 36 °C  ]
2017-12-20 00:42:32.9245 INFO      CPU [ T: 38 °C  , L: 15%  ] RAM [ L: 68 %  , A: 2627 MB ] GPU [ C: 135 MHz  , T: 36 °C  ]
2017-12-20 00:42:42.9226 INFO      CPU [ T: 38 °C  , L: 17%  ] RAM [ L: 68 %  , A: 2627 MB ] GPU [ C: 135 MHz  , T: 36 °C  ]
2017-12-20 00:42:52.9545 INFO      CPU [ T: 38 °C  , L: 9%   ] RAM [ L: 68 %  , A: 2628 MB ] GPU [ C: 135 MHz  , T: 37 °C  ]
2017-12-20 00:43:25.6610 INFO      CPU [ T: 38 °C  , L: 7%   ] RAM [ L: 68 %  , A: 2626 MB ] GPU [ C: 135 MHz  , T: 37 °C  ]
2017-12-20 00:43:35.6884 INFO      CPU [ T: 38 °C  , L: 13%  ] RAM [ L: 68 %  , A: 2598 MB ] GPU [ C: 135 MHz  , T: 37 °C  ]
2017-12-20 00:43:45.6884 INFO      CPU [ T: 38 °C  , L: 11%  ] RAM [ L: 68 %  , A: 2606 MB ] GPU [ C: 135 MHz  , T: 37 °C  ]
2017-12-20 00:43:55.6872 INFO      CPU [ T: 38 °C  , L: 12%  ] RAM [ L: 68 %  , A: 2611 MB ] GPU [ C: 135 MHz  , T: 37 °C  ]
2017-12-20 00:44:49.7730 INFO      CPU [ T: 38 °C  , L: 9%   ] RAM [ L: 67 %  , A: 2669 MB ] GPU [ C: 135 MHz  , T: 37 °C  ]
2017-12-20 00:44:59.8175 INFO      CPU [ T: 38 °C  , L: 12%  ] RAM [ L: 67 %  , A: 2669 MB ] GPU [ C: 135 MHz  , T: 37 °C  ]
2017-12-20 00:45:09.8220 INFO      CPU [ T: 39 °C  , L: 7%   ] RAM [ L: 67 %  , A: 2671 MB ] GPU [ C: 135 MHz  , T: 37 °C  ]
2017-12-20 00:45:19.8125 INFO      CPU [ T: 38 °C  , L: 10%  ] RAM [ L: 67 %  , A: 2672 MB ] GPU [ C: 135 MHz  , T: 37 °C  ]
2017-12-20 00:45:29.8131 INFO      CPU [ T: 38 °C  , L: 15%  ] RAM [ L: 67 %  , A: 2671 MB ] GPU [ C: 135 MHz  , T: 37 °C  ]
2017-12-20 00:45:39.8169 INFO      CPU [ T: 38 °C  , L: 7%   ] RAM [ L: 67 %  , A: 2671 MB ] GPU [ C: 135 MHz  , T: 37 °C  ]
2017-12-20 00:45:49.8154 INFO      CPU [ T: 38 °C  , L: 5%   ] RAM [ L: 67 %  , A: 2677 MB ] GPU [ C: 135 MHz  , T: 37 °C  ]
2017-12-20 00:45:59.8129 INFO      CPU [ T: 38 °C  , L: 8%   ] RAM [ L: 67 %  , A: 2679 MB ] GPU [ C: 135 MHz  , T: 37 °C  ]
2017-12-20 00:51:09.4594 INFO      CPU [ T: 38 °C  , L: 5%   ] RAM [ L: 66 %  , A: 2756 MB ] GPU [ C: 135 MHz  , T: 36 °C  ]
2017-12-20 00:51:19.4994 INFO      CPU [ T: 38 °C  , L: 15%  ] RAM [ L: 66 %  , A: 2753 MB ] GPU [ C: 135 MHz  , T: 37 °C  ]
2017-12-20 00:51:29.4999 INFO      CPU [ T: 38 °C  , L: 26%  ] RAM [ L: 66 %  , A: 2756 MB ] GPU [ C: 135 MHz  , T: 37 °C  ]
2017-12-20 00:51:39.5035 INFO      CPU [ T: 38 °C  , L: 5%   ] RAM [ L: 66 %  , A: 2759 MB ] GPU [ C: 135 MHz  , T: 36 °C  ]
2017-12-20 00:51:49.5044 INFO      CPU [ T: 38 °C  , L: 4%   ] RAM [ L: 66 %  , A: 2762 MB ] GPU [ C: 135 MHz  , T: 37 °C  ]
2017-12-20 00:51:59.4995 INFO      CPU [ T: 38 °C  , L: 12%  ] RAM [ L: 66 %  , A: 2761 MB ] GPU [ C: 135 MHz  , T: 37 °C  ]
2017-12-20 00:52:09.5014 INFO      CPU [ T: 38 °C  , L: 8%   ] RAM [ L: 66 %  , A: 2762 MB ] GPU [ C: 135 MHz  , T: 37 °C  ]
2017-12-20 00:52:19.5039 INFO      CPU [ T: 38 °C  , L: 6%   ] RAM [ L: 66 %  , A: 2762 MB ] GPU [ C: 135 MHz  , T: 37 °C  ]
2017-12-20 00:52:29.5048 INFO      CPU [ T: 39 °C  , L: 6%   ] RAM [ L: 66 %  , A: 2730 MB ] GPU [ C: 135 MHz  , T: 37 °C  ]
2017-12-20 00:52:39.5040 INFO      CPU [ T: 38 °C  , L: 5%   ] RAM [ L: 66 %  , A: 2743 MB ] GPU [ C: 135 MHz  , T: 37 °C  ]
2017-12-20 00:52:49.5053 INFO      CPU [ T: 38 °C  , L: 8%   ] RAM [ L: 66 %  , A: 2744 MB ] GPU [ C: 135 MHz  , T: 37 °C  ]
2017-12-20 00:52:59.5024 INFO      CPU [ T: 38 °C  , L: 3%   ] RAM [ L: 66 %  , A: 2745 MB ] GPU [ C: 135 MHz  , T: 37 °C  ]
2017-12-20 00:53:09.5047 INFO      CPU [ T: 38 °C  , L: 5%   ] RAM [ L: 66 %  , A: 2745 MB ] GPU [ C: 135 MHz  , T: 37 °C  ]
2017-12-20 00:53:19.4990 INFO      CPU [ T: 38 °C  , L: 5%   ] RAM [ L: 65 %  , A: 2800 MB ] GPU [ C: 135 MHz  , T: 37 °C  ]
2017-12-20 00:53:29.4973 INFO      CPU [ T: 39 °C  , L: 21%  ] RAM [ L: 67 %  , A: 2706 MB ] GPU [ C: 135 MHz  , T: 37 °C  ]
2017-12-20 00:53:39.4981 INFO      CPU [ T: 38 °C  , L: 4%   ] RAM [ L: 66 %  , A: 2711 MB ] GPU [ C: 135 MHz  , T: 37 °C  ]
2017-12-20 00:53:49.5000 INFO      CPU [ T: 39 °C  , L: 4%   ] RAM [ L: 66 %  , A: 2759 MB ] GPU [ C: 135 MHz  , T: 37 °C  ]
2017-12-20 00:53:59.5059 INFO      CPU [ T: 38 °C  , L: 4%   ] RAM [ L: 66 %  , A: 2761 MB ] GPU [ C: 135 MHz  , T: 38 °C  ]
2017-12-20 08:54:55.6540 INFO      CPU [ T: 33 °C  , L: 7%   ] RAM [ L: 43 %  , A: 4646 MB ] GPU [ C: 135 MHz  , T: 31 °C  ]
2017-12-20 08:55:05.6946 INFO      CPU [ T: 33 °C  , L: 16%  ] RAM [ L: 43 %  , A: 4645 MB ] GPU [ C: 135 MHz  , T: 31 °C  ]
2017-12-20 08:55:15.7641 INFO      CPU [ T: 32 °C  , L: 1%   ] RAM [ L: 43 %  , A: 4647 MB ] GPU [ C: 135 MHz  , T: 32 °C  ]
2017-12-20 08:55:25.7817 INFO      CPU [ T: 33 °C  , L: 1%   ] RAM [ L: 43 %  , A: 4647 MB ] GPU [ C: 135 MHz  , T: 31 °C  ]
2017-12-20 08:55:35.7857 INFO      CPU [ T: 33 °C  , L: 2%   ] RAM [ L: 43 %  , A: 4648 MB ] GPU [ C: 135 MHz  , T: 32 °C  ]
2017-12-20 08:55:45.7822 INFO      CPU [ T: 33 °C  , L: 12%  ] RAM [ L: 43 %  , A: 4647 MB ] GPU [ C: 135 MHz  , T: 32 °C  ]
2017-12-20 08:55:55.7930 INFO      CPU [ T: 33 °C  , L: 8%   ] RAM [ L: 42 %  , A: 4655 MB ] GPU [ C: 135 MHz  , T: 32 °C  ]
2017-12-20 08:56:55.3716 INFO      CPU [ T: 34 °C  , L: 10%  ] RAM [ L: 42 %  , A: 4672 MB ] GPU [ C: 135 MHz  , T: 32 °C  ]
2017-12-20 08:57:05.4056 INFO      CPU [ T: 34 °C  , L: 6%   ] RAM [ L: 42 %  , A: 4679 MB ] GPU [ C: 135 MHz  , T: 32 °C  ]
2017-12-20 08:57:15.4920 INFO      CPU [ T: 33 °C  , L: 5%   ] RAM [ L: 42 %  , A: 4678 MB ] GPU [ C: 135 MHz  , T: 32 °C  ]
2017-12-20 08:59:45.8538 INFO      CPU [ T: 33 °C  , L: 14%  ] RAM [ L: 42 %  , A: 4697 MB ] GPU [ C: 135 MHz  , T: 31 °C  ]
2017-12-20 08:59:55.8968 INFO      CPU [ T: 33 °C  , L: 1%   ] RAM [ L: 42 %  , A: 4698 MB ] GPU [ C: 135 MHz  , T: 32 °C  ]
2017-12-20 09:00:06.0647 INFO      CPU [ T: 33 °C  , L: 1%   ] RAM [ L: 42 %  , A: 4689 MB ] GPU [ C: 135 MHz  , T: 32 °C  ]
2017-12-20 09:26:52.4114 INFO      CPU [ T: 33 °C  , L: 36%  ] RAM [ L: 42 %  , A: 4708 MB ] GPU [ C: 135 MHz  , T: 31 °C  ]
2017-12-20 09:27:02.4263 INFO      CPU [ T: 32 °C  , L: 5%   ] RAM [ L: 42 %  , A: 4711 MB ] GPU [ C: 135 MHz  , T: 31 °C  ]
2017-12-20 09:27:12.4282 INFO      CPU [ T: 32 °C  , L: 6%   ] RAM [ L: 42 %  , A: 4709 MB ] GPU [ C: 135 MHz  , T: 31 °C  ]
2017-12-20 09:27:22.4261 INFO      CPU [ T: 33 °C  , L: 25%  ] RAM [ L: 42 %  , A: 4731 MB ] GPU [ C: 135 MHz  , T: 0 °C   ]
2017-12-20 09:27:32.4197 INFO      CPU [ T: 32 °C  , L: 4%   ] RAM [ L: 42 %  , A: 4723 MB ] GPU [ C: 135 MHz  , T: 0 °C   ]
2017-12-20 09:27:42.4220 INFO      CPU [ T: 32 °C  , L: 3%   ] RAM [ L: 42 %  , A: 4724 MB ] GPU [ C: 135 MHz  , T: 0 °C   ]
2017-12-20 09:27:52.4205 INFO      CPU [ T: 32 °C  , L: 2%   ] RAM [ L: 42 %  , A: 4732 MB ] GPU [ C: 135 MHz  , T: 0 °C   ]
2017-12-20 09:28:02.4227 INFO      CPU [ T: 31 °C  , L: 7%   ] RAM [ L: 41 %  , A: 4742 MB ] GPU [ C: 135 MHz  , T: 0 °C   ]
2017-12-20 09:28:12.4284 INFO      CPU [ T: 32 °C  , L: 8%   ] RAM [ L: 41 %  , A: 4747 MB ] GPU [ C: 135 MHz  , T: 0 °C   ]
2017-12-20 09:28:22.4299 INFO      CPU [ T: 31 °C  , L: 10%  ] RAM [ L: 41 %  , A: 4748 MB ] GPU [ C: 135 MHz  , T: 0 °C   ]
2017-12-20 09:28:32.4268 INFO      CPU [ T: 31 °C  , L: 6%   ] RAM [ L: 41 %  , A: 4743 MB ] GPU [ C: 135 MHz  , T: 0 °C   ]
2017-12-20 09:28:42.4266 INFO      CPU [ T: 31 °C  , L: 6%   ] RAM [ L: 41 %  , A: 4745 MB ] GPU [ C: 135 MHz  , T: 0 °C   ]
2017-12-20 09:28:52.4345 INFO      CPU [ T: 31 °C  , L: 7%   ] RAM [ L: 41 %  , A: 4746 MB ] GPU [ C: 135 MHz  , T: 0 °C   ]
2017-12-20 09:29:02.4321 INFO      CPU [ T: 31 °C  , L: 3%   ] RAM [ L: 41 %  , A: 4745 MB ] GPU [ C: 135 MHz  , T: 0 °C   ]
2017-12-20 09:29:12.4306 INFO      CPU [ T: 31 °C  , L: 0%   ] RAM [ L: 41 %  , A: 4746 MB ] GPU [ C: 135 MHz  , T: 0 °C   ]
2017-12-20 09:29:22.4277 INFO      CPU [ T: 31 °C  , L: 1%   ] RAM [ L: 41 %  , A: 4746 MB ] GPU [ C: 135 MHz  , T: 0 °C   ]
2017-12-20 09:29:32.4226 INFO      CPU [ T: 31 °C  , L: 2%   ] RAM [ L: 41 %  , A: 4746 MB ] GPU [ C: 135 MHz  , T: 0 °C   ]
2017-12-20 09:29:42.4305 INFO      CPU [ T: 31 °C  , L: 0%   ] RAM [ L: 41 %  , A: 4748 MB ] GPU [ C: 135 MHz  , T: 0 °C   ]
2017-12-20 09:29:52.4198 INFO      CPU [ T: 31 °C  , L: 3%   ] RAM [ L: 41 %  , A: 4748 MB ] GPU [ C: 135 MHz  , T: 0 °C   ]
2017-12-20 09:30:02.4214 INFO      CPU [ T: 31 °C  , L: 0%   ] RAM [ L: 41 %  , A: 4748 MB ] GPU [ C: 135 MHz  , T: 0 °C   ]
2017-12-20 09:30:12.4280 INFO      CPU [ T: 30 °C  , L: 2%   ] RAM [ L: 41 %  , A: 4748 MB ] GPU [ C: 135 MHz  , T: 0 °C   ]
2017-12-20 09:30:22.4332 INFO      CPU [ T: 31 °C  , L: 1%   ] RAM [ L: 41 %  , A: 4752 MB ] GPU [ C: 135 MHz  , T: 0 °C   ]
2017-12-20 09:30:32.4217 INFO      CPU [ T: 31 °C  , L: 1%   ] RAM [ L: 41 %  , A: 4753 MB ] GPU [ C: 135 MHz  , T: 0 °C   ]
2017-12-20 09:30:50.2679 INFO      CPU [ T: 31 °C  , L: 7%   ] RAM [ L: 41 %  , A: 4766 MB ] GPU [ C: 135 MHz  , T: 30 °C  ]
2017-12-20 09:31:00.3278 INFO      CPU [ T: 31 °C  , L: 1%   ] RAM [ L: 41 %  , A: 4765 MB ] GPU [ C: 135 MHz  , T: 31 °C  ]
2017-12-20 09:31:10.3267 INFO      CPU [ T: 32 °C  , L: 13%  ] RAM [ L: 41 %  , A: 4751 MB ] GPU [ C: 135 MHz  , T: 31 °C  ]
2017-12-20 10:28:07.1135 INFO      CPU [ T: 33 °C  , L: 7%   ] RAM [ L: 43 %  , A: 4572 MB ] GPU [ C: 135 MHz  , T: 31 °C  ]
2017-12-20 10:28:17.1683 INFO      CPU [ T: 33 °C  , L: 1%   ] RAM [ L: 43 %  , A: 4573 MB ] GPU [ C: 135 MHz  , T: 31 °C  ]
2017-12-20 10:28:27.1689 INFO      CPU [ T: 33 °C  , L: 13%  ] RAM [ L: 44 %  , A: 4564 MB ] GPU [ C: 135 MHz  , T: 32 °C  ]
2017-12-20 10:28:37.1817 INFO      CPU [ T: 33 °C  , L: 8%   ] RAM [ L: 43 %  , A: 4591 MB ] GPU [ C: 135 MHz  , T: 32 °C  ]
2017-12-20 10:28:47.1821 INFO      CPU [ T: 33 °C  , L: 13%  ] RAM [ L: 43 %  , A: 4592 MB ] GPU [ C: 135 MHz  , T: 32 °C  ]
2017-12-20 10:28:57.2953 INFO      CPU [ T: 33 °C  , L: 10%  ] RAM [ L: 43 %  , A: 4590 MB ] GPU [ C: 135 MHz  , T: 32 °C  ]
2017-12-20 10:29:07.3095 INFO      CPU [ T: 34 °C  , L: 13%  ] RAM [ L: 43 %  , A: 4591 MB ] GPU [ C: 135 MHz  , T: 32 °C  ]
2017-12-20 10:29:17.3020 INFO      CPU [ T: 34 °C  , L: 10%  ] RAM [ L: 43 %  , A: 4591 MB ] GPU [ C: 135 MHz  , T: 32 °C  ]
2017-12-20 10:29:29.4294 INFO      CPU [ T: 34 °C  , L: 7%   ] RAM [ L: 43 %  , A: 4585 MB ] GPU [ C: 135 MHz  , T: 32 °C  ]
2017-12-20 10:29:39.4246 INFO      CPU [ T: 33 °C  , L: 14%  ] RAM [ L: 43 %  , A: 4585 MB ] GPU [ C: 135 MHz  , T: 32 °C  ]
2017-12-20 10:29:49.4381 INFO      CPU [ T: 34 °C  , L: 3%   ] RAM [ L: 43 %  , A: 4584 MB ] GPU [ C: 135 MHz  , T: 32 °C  ]
2017-12-20 10:29:59.4881 INFO      CPU [ T: 34 °C  , L: 19%  ] RAM [ L: 43 %  , A: 4576 MB ] GPU [ C: 135 MHz  , T: 32 °C  ]
2017-12-20 10:30:30.4289 INFO      CPU [ T: 35 °C  , L: 20%  ] RAM [ L: 47 %  , A: 4250 MB ] GPU [ C: 0 MHz    , T: 0 °C   ]
2017-12-20 10:30:40.5147 INFO      CPU [ T: 34 °C  , L: 25%  ] RAM [ L: 48 %  , A: 4238 MB ] GPU [ C: 0 MHz    , T: 0 °C   ]
2017-12-20 10:30:50.7677 INFO      CPU [ T: 34 °C  , L: 32%  ] RAM [ L: 48 %  , A: 4187 MB ] GPU [ C: 0 MHz    , T: 0 °C   ]
2017-12-20 10:31:00.8272 INFO      CPU [ T: 35 °C  , L: 25%  ] RAM [ L: 49 %  , A: 4165 MB ] GPU [ C: 0 MHz    , T: 0 °C   ]
2017-12-20 10:31:10.8645 INFO      CPU [ T: 36 °C  , L: 50%  ] RAM [ L: 49 %  , A: 4107 MB ] GPU [ C: 0 MHz    , T: 0 °C   ]
2017-12-20 10:31:54.5723 INFO      CPU [ T: 34 °C  , L: 21%  ] RAM [ L: 48 %  , A: 4206 MB ] GPU [ C: 135 MHz  , T: 0 °C   ]
2017-12-20 10:32:04.6293 INFO      CPU [ T: 34 °C  , L: 12%  ] RAM [ L: 48 %  , A: 4232 MB ] GPU [ C: 135 MHz  , T: 0 °C   ]
2017-12-20 10:32:14.6285 INFO      CPU [ T: 34 °C  , L: 12%  ] RAM [ L: 48 %  , A: 4233 MB ] GPU [ C: 135 MHz  , T: 0 °C   ]
2017-12-20 10:32:24.6230 INFO      CPU [ T: 34 °C  , L: 21%  ] RAM [ L: 48 %  , A: 4232 MB ] GPU [ C: 135 MHz  , T: 0 °C   ]
2017-12-20 10:32:34.6333 INFO      CPU [ T: 35 °C  , L: 7%   ] RAM [ L: 48 %  , A: 4233 MB ] GPU [ C: 135 MHz  , T: 0 °C   ]
2017-12-20 10:32:44.6919 INFO      CPU [ T: 35 °C  , L: 14%  ] RAM [ L: 48 %  , A: 4234 MB ] GPU [ C: 135 MHz  , T: 0 °C   ]
