2017-12-19 11:25:06.3141 INFO      CPU [ T: 33 °C  , L: 1%   ] RAM [ L: 33 %  , A: 5401 MB ] GPU [ C: 135 MHz  , T: 31 °C  ]
2017-12-19 11:25:16.3467 INFO      CPU [ T: 33 °C  , L: 3%   ] RAM [ L: 33 %  , A: 5401 MB ] GPU [ C: 135 MHz  , T: 31 °C  ]
2017-12-19 11:25:26.3489 INFO      CPU [ T: 32 °C  , L: 1%   ] RAM [ L: 33 %  , A: 5398 MB ] GPU [ C: 135 MHz  , T: 31 °C  ]
2017-12-19 11:25:36.3477 INFO      CPU [ T: 32 °C  , L: 2%   ] RAM [ L: 33 %  , A: 5399 MB ] GPU [ C: 135 MHz  , T: 32 °C  ]
2017-12-19 11:26:49.5015 INFO      CPU [ T: 32 °C  , L: 1%   ] RAM [ L: 33 %  , A: 5421 MB ] GPU [ C: 135 MHz  , T: 31 °C  ]
2017-12-19 11:27:55.5171 INFO      CPU [ T: 32 °C  , L: 3%   ] RAM [ L: 33 %  , A: 5419 MB ] GPU [ C: 135 MHz  , T: 31 °C  ]
2017-12-19 11:37:52.3178 INFO      CPU [ T: 31 °C  , L: 5%   ] RAM [ L: 36 %  , A: 5146 MB ] GPU [ C: 135 MHz  , T: 30 °C  ]
2017-12-19 11:38:02.3623 INFO      CPU [ T: 32 °C  , L: 3%   ] RAM [ L: 36 %  , A: 5147 MB ] GPU [ C: 135 MHz  , T: 30 °C  ]
2017-12-19 11:49:13.4159 INFO      CPU [ T: 32 °C  , L: 3%   ] RAM [ L: 39 %  , A: 4913 MB ] GPU [ C: 135 MHz  , T: 31 °C  ]
2017-12-19 11:49:23.4571 INFO      CPU [ T: 33 °C  , L: 3%   ] RAM [ L: 39 %  , A: 4915 MB ] GPU [ C: 135 MHz  , T: 31 °C  ]
2017-12-19 21:47:47.5041 INFO      CPU [ T: 38 °C  , L: 10%  ] RAM [ L: 64 %  , A: 2926 MB ] GPU [ C: 135 MHz  , T: 0 °C   ]
2017-12-19 22:00:30.7802 INFO      CPU [ T: 38 °C  , L: 18%  ] RAM [ L: 66 %  , A: 2740 MB ] GPU [ C: 0 MHz    , T: 0 °C   ]
2017-12-19 22:04:05.1892 INFO      CPU [ T: 38 °C  , L: 16%  ] RAM [ L: 67 %  , A: 2688 MB ] GPU [ C: 0 MHz    , T: 0 °C   ]
2017-12-19 22:04:15.2183 INFO      CPU [ T: 38 °C  , L: 23%  ] RAM [ L: 66 %  , A: 2773 MB ] GPU [ C: 0 MHz    , T: 0 °C   ]
2017-12-19 22:05:51.9630 INFO      CPU [ T: 39 °C  , L: 10%  ] RAM [ L: 65 %  , A: 2863 MB ] GPU [ C: 135 MHz  , T: 37 °C  ]
2017-12-19 22:35:45.7178 INFO      CPU [ T: 38 °C  , L: 14%  ] RAM [ L: 62 %  , A: 3038 MB ] GPU [ C: 0 MHz    , T: 0 °C   ]
2017-12-19 22:36:00.0765 INFO      CPU [ T: 39 °C  , L: 15%  ] RAM [ L: 62 %  , A: 3037 MB ] GPU [ C: 0 MHz    , T: 0 °C   ]
2017-12-19 22:36:10.0936 INFO      CPU [ T: 39 °C  , L: 21%  ] RAM [ L: 63 %  , A: 3006 MB ] GPU [ C: 0 MHz    , T: 0 °C   ]
2017-12-19 22:36:30.3783 INFO      CPU [ T: 38 °C  , L: 15%  ] RAM [ L: 63 %  , A: 2971 MB ] GPU [ C: 0 MHz    , T: 0 °C   ]
2017-12-19 22:38:32.7034 INFO      CPU [ T: 39 °C  , L: 12%  ] RAM [ L: 64 %  , A: 2920 MB ] GPU [ C: 135 MHz  , T: 38 °C  ]
2017-12-19 22:38:42.7395 INFO      CPU [ T: 39 °C  , L: 8%   ] RAM [ L: 63 %  , A: 2972 MB ] GPU [ C: 135 MHz  , T: 38 °C  ]
2017-12-19 22:38:52.7355 INFO      CPU [ T: 39 °C  , L: 7%   ] RAM [ L: 63 %  , A: 2976 MB ] GPU [ C: 135 MHz  , T: 38 °C  ]
2017-12-19 22:39:02.7437 INFO      CPU [ T: 39 °C  , L: 4%   ] RAM [ L: 63 %  , A: 2977 MB ] GPU [ C: 135 MHz  , T: 38 °C  ]
2017-12-19 22:39:14.9892 INFO      CPU [ T: 41 °C  , L: 13%  ] RAM [ L: 63 %  , A: 2975 MB ] GPU [ C: 1188 MHz , T: 49 °C  ]
2017-12-19 22:39:25.2459 INFO      CPU [ T: 44 °C  , L: 8%   ] RAM [ L: 62 %  , A: 3063 MB ] GPU [ C: 1188 MHz , T: 54 °C  ]
2017-12-19 22:39:35.9446 INFO      CPU [ T: 45 °C  , L: 10%  ] RAM [ L: 62 %  , A: 3080 MB ] GPU [ C: 135 MHz  , T: 44 °C  ]
2017-12-19 22:39:45.9432 INFO      CPU [ T: 43 °C  , L: 8%   ] RAM [ L: 62 %  , A: 3073 MB ] GPU [ C: 135 MHz  , T: 43 °C  ]
2017-12-19 22:39:55.9395 INFO      CPU [ T: 43 °C  , L: 9%   ] RAM [ L: 62 %  , A: 3076 MB ] GPU [ C: 135 MHz  , T: 42 °C  ]
2017-12-19 22:45:35.1312 INFO      CPU [ T: 39 °C  , L: 7%   ] RAM [ L: 59 %  , A: 3306 MB ] GPU [ C: 135 MHz  , T: 37 °C  ]
2017-12-19 22:47:34.3146 INFO      CPU [ T: 38 °C  , L: 10%  ] RAM [ L: 59 %  , A: 3296 MB ] GPU [ C: 135 MHz  , T: 37 °C  ]
2017-12-19 22:47:44.3330 INFO      CPU [ T: 39 °C  , L: 11%  ] RAM [ L: 59 %  , A: 3291 MB ] GPU [ C: 135 MHz  , T: 37 °C  ]
2017-12-19 22:47:54.3317 INFO      CPU [ T: 39 °C  , L: 8%   ] RAM [ L: 59 %  , A: 3295 MB ] GPU [ C: 135 MHz  , T: 37 °C  ]
2017-12-19 22:48:04.3314 INFO      CPU [ T: 38 °C  , L: 5%   ] RAM [ L: 59 %  , A: 3302 MB ] GPU [ C: 135 MHz  , T: 38 °C  ]
2017-12-19 22:48:14.3363 INFO      CPU [ T: 39 °C  , L: 9%   ] RAM [ L: 59 %  , A: 3307 MB ] GPU [ C: 135 MHz  , T: 38 °C  ]
2017-12-19 22:48:24.3296 INFO      CPU [ T: 39 °C  , L: 10%  ] RAM [ L: 59 %  , A: 3302 MB ] GPU [ C: 135 MHz  , T: 38 °C  ]
2017-12-19 22:48:34.3280 INFO      CPU [ T: 38 °C  , L: 8%   ] RAM [ L: 60 %  , A: 3267 MB ] GPU [ C: 135 MHz  , T: 38 °C  ]
2017-12-19 22:48:44.3324 INFO      CPU [ T: 39 °C  , L: 8%   ] RAM [ L: 59 %  , A: 3300 MB ] GPU [ C: 135 MHz  , T: 37 °C  ]
2017-12-19 22:48:54.3324 INFO      CPU [ T: 39 °C  , L: 9%   ] RAM [ L: 59 %  , A: 3306 MB ] GPU [ C: 135 MHz  , T: 38 °C  ]
2017-12-19 22:49:04.3263 INFO      CPU [ T: 39 °C  , L: 7%   ] RAM [ L: 59 %  , A: 3307 MB ] GPU [ C: 135 MHz  , T: 38 °C  ]
2017-12-19 22:49:14.3325 INFO      CPU [ T: 39 °C  , L: 7%   ] RAM [ L: 59 %  , A: 3308 MB ] GPU [ C: 135 MHz  , T: 38 °C  ]
2017-12-19 22:49:24.3299 INFO      CPU [ T: 39 °C  , L: 10%  ] RAM [ L: 58 %  , A: 3376 MB ] GPU [ C: 135 MHz  , T: 38 °C  ]
2017-12-19 22:49:34.3291 INFO      CPU [ T: 39 °C  , L: 6%   ] RAM [ L: 58 %  , A: 3376 MB ] GPU [ C: 135 MHz  , T: 38 °C  ]
2017-12-19 22:49:44.3298 INFO      CPU [ T: 40 °C  , L: 14%  ] RAM [ L: 58 %  , A: 3376 MB ] GPU [ C: 135 MHz  , T: 38 °C  ]
2017-12-19 22:49:54.3329 INFO      CPU [ T: 39 °C  , L: 10%  ] RAM [ L: 58 %  , A: 3376 MB ] GPU [ C: 135 MHz  , T: 38 °C  ]
2017-12-19 22:50:04.3266 INFO      CPU [ T: 39 °C  , L: 9%   ] RAM [ L: 58 %  , A: 3376 MB ] GPU [ C: 135 MHz  , T: 38 °C  ]
2017-12-19 22:50:14.3322 INFO      CPU [ T: 39 °C  , L: 8%   ] RAM [ L: 58 %  , A: 3377 MB ] GPU [ C: 135 MHz  , T: 38 °C  ]
2017-12-19 22:50:24.3344 INFO      CPU [ T: 39 °C  , L: 11%  ] RAM [ L: 58 %  , A: 3376 MB ] GPU [ C: 135 MHz  , T: 38 °C  ]
2017-12-19 22:55:34.1301 INFO      CPU [ T: 39 °C  , L: 11%  ] RAM [ L: 59 %  , A: 3355 MB ] GPU [ C: 135 MHz  , T: 37 °C  ]
2017-12-19 22:55:44.1590 INFO      CPU [ T: 38 °C  , L: 15%  ] RAM [ L: 59 %  , A: 3356 MB ] GPU [ C: 135 MHz  , T: 37 °C  ]
2017-12-19 22:55:54.1591 INFO      CPU [ T: 39 °C  , L: 7%   ] RAM [ L: 59 %  , A: 3353 MB ] GPU [ C: 135 MHz  , T: 38 °C  ]
2017-12-19 22:56:04.1629 INFO      CPU [ T: 39 °C  , L: 14%  ] RAM [ L: 59 %  , A: 3351 MB ] GPU [ C: 135 MHz  , T: 37 °C  ]
2017-12-19 22:56:14.1623 INFO      CPU [ T: 39 °C  , L: 6%   ] RAM [ L: 59 %  , A: 3342 MB ] GPU [ C: 135 MHz  , T: 0 °C   ]
2017-12-19 22:56:24.1543 INFO      CPU [ T: 39 °C  , L: 11%  ] RAM [ L: 59 %  , A: 3337 MB ] GPU [ C: 135 MHz  , T: 0 °C   ]
2017-12-19 22:56:34.1841 INFO      CPU [ T: 39 °C  , L: 13%  ] RAM [ L: 59 %  , A: 3329 MB ] GPU [ C: 135 MHz  , T: 0 °C   ]
2017-12-19 22:56:44.1962 INFO      CPU [ T: 39 °C  , L: 18%  ] RAM [ L: 59 %  , A: 3329 MB ] GPU [ C: 135 MHz  , T: 0 °C   ]
2017-12-19 22:57:17.2274 INFO      CPU [ T: 43 °C  , L: 33%  ] RAM [ L: 61 %  , A: 3139 MB ] GPU [ C: 135 MHz  , T: 38 °C  ]
2017-12-19 22:57:27.2556 INFO      CPU [ T: 40 °C  , L: 9%   ] RAM [ L: 62 %  , A: 3040 MB ] GPU [ C: 135 MHz  , T: 39 °C  ]
2017-12-19 22:57:37.2524 INFO      CPU [ T: 40 °C  , L: 13%  ] RAM [ L: 62 %  , A: 3049 MB ] GPU [ C: 135 MHz  , T: 38 °C  ]
2017-12-19 22:59:22.3959 INFO      CPU [ T: 39 °C  , L: 10%  ] RAM [ L: 62 %  , A: 3104 MB ] GPU [ C: 135 MHz  , T: 38 °C  ]
2017-12-19 22:59:32.4418 INFO      CPU [ T: 39 °C  , L: 11%  ] RAM [ L: 62 %  , A: 3104 MB ] GPU [ C: 135 MHz  , T: 38 °C  ]
2017-12-19 22:59:44.9539 INFO      CPU [ T: 40 °C  , L: 14%  ] RAM [ L: 62 %  , A: 3104 MB ] GPU [ C: 135 MHz  , T: 38 °C  ]
2017-12-19 22:59:55.6784 INFO      CPU [ T: 39 °C  , L: 7%   ] RAM [ L: 62 %  , A: 3112 MB ] GPU [ C: 135 MHz  , T: 38 °C  ]
2017-12-19 23:02:39.7395 INFO      CPU [ T: 39 °C  , L: 12%  ] RAM [ L: 61 %  , A: 3182 MB ] GPU [ C: 135 MHz  , T: 38 °C  ]
2017-12-19 23:02:49.7512 INFO      CPU [ T: 39 °C  , L: 6%   ] RAM [ L: 61 %  , A: 3175 MB ] GPU [ C: 135 MHz  , T: 38 °C  ]
2017-12-19 23:02:59.7523 INFO      CPU [ T: 38 °C  , L: 9%   ] RAM [ L: 61 %  , A: 3193 MB ] GPU [ C: 135 MHz  , T: 38 °C  ]
2017-12-19 23:03:10.2814 INFO      CPU [ T: 38 °C  , L: 6%   ] RAM [ L: 60 %  , A: 3197 MB ] GPU [ C: 135 MHz  , T: 38 °C  ]
2017-12-19 23:03:21.0660 INFO      CPU [ T: 39 °C  , L: 13%  ] RAM [ L: 61 %  , A: 3188 MB ] GPU [ C: 135 MHz  , T: 38 °C  ]
2017-12-19 23:03:31.8170 INFO      CPU [ T: 39 °C  , L: 14%  ] RAM [ L: 61 %  , A: 3152 MB ] GPU [ C: 135 MHz  , T: 38 °C  ]
2017-12-19 23:03:41.8145 INFO      CPU [ T: 39 °C  , L: 15%  ] RAM [ L: 61 %  , A: 3156 MB ] GPU [ C: 135 MHz  , T: 38 °C  ]
2017-12-19 23:03:51.8113 INFO      CPU [ T: 39 °C  , L: 6%   ] RAM [ L: 60 %  , A: 3198 MB ] GPU [ C: 135 MHz  , T: 38 °C  ]
2017-12-19 23:04:01.8193 INFO      CPU [ T: 39 °C  , L: 5%   ] RAM [ L: 60 %  , A: 3201 MB ] GPU [ C: 135 MHz  , T: 38 °C  ]
2017-12-19 23:04:11.8118 INFO      CPU [ T: 39 °C  , L: 9%   ] RAM [ L: 60 %  , A: 3202 MB ] GPU [ C: 135 MHz  , T: 38 °C  ]
2017-12-19 23:04:21.8200 INFO      CPU [ T: 39 °C  , L: 22%  ] RAM [ L: 61 %  , A: 3148 MB ] GPU [ C: 135 MHz  , T: 38 °C  ]
2017-12-19 23:04:31.8152 INFO      CPU [ T: 40 °C  , L: 29%  ] RAM [ L: 62 %  , A: 3084 MB ] GPU [ C: 135 MHz  , T: 38 °C  ]
